[0.329s] DEBUG:colcon:Command line arguments: ['/usr/bin/colcon', 'build']
[0.329s] DEBUG:colcon:Parsed command line arguments: Namespace(log_base=None, log_level=None, verb_name='build', build_base='build', install_base='install', merge_install=False, symlink_install=False, test_result_base=None, continue_on_error=False, executor='parallel', parallel_workers=4, event_handlers=None, ignore_user_meta=False, metas=['./colcon.meta'], base_paths=['.'], packages_ignore=None, packages_ignore_regex=None, paths=None, packages_up_to=None, packages_up_to_regex=None, packages_above=None, packages_above_and_dependencies=None, packages_above_depth=None, packages_select_by_dep=None, packages_skip_by_dep=None, packages_skip_up_to=None, packages_select_build_failed=False, packages_skip_build_finished=False, packages_select_test_failures=False, packages_skip_test_passed=False, packages_select=None, packages_skip=None, packages_select_regex=None, packages_skip_regex=None, packages_start=None, packages_end=None, allow_overriding=[], cmake_args=None, cmake_target=None, cmake_target_skip_unavailable=False, cmake_clean_cache=False, cmake_clean_first=False, cmake_force_configure=False, ament_cmake_args=None, catkin_cmake_args=None, catkin_skip_building_tests=False, mixin_files=None, mixin=None, verb_parser=<colcon_mixin.mixin.mixin_argument.MixinArgumentDecorator object at 0x7afeff07f8f0>, verb_extension=<colcon_core.verb.build.BuildVerb object at 0x7afeff07f6b0>, main=<bound method BuildVerb.main of <colcon_core.verb.build.BuildVerb object at 0x7afeff07f6b0>>, mixin_verb=('build',))
[0.511s] Level 1:colcon.colcon_core.package_discovery:discover_packages(colcon_meta) check parameters
[0.511s] Level 1:colcon.colcon_core.package_discovery:discover_packages(recursive) check parameters
[0.511s] Level 1:colcon.colcon_core.package_discovery:discover_packages(ignore) check parameters
[0.511s] Level 1:colcon.colcon_core.package_discovery:discover_packages(path) check parameters
[0.511s] Level 1:colcon.colcon_core.package_discovery:discover_packages(colcon_meta) discover
[0.511s] Level 1:colcon.colcon_core.package_discovery:discover_packages(recursive) discover
[0.511s] INFO:colcon.colcon_core.package_discovery:Crawling recursively for packages in '/home/graham/ros2_ws/src/car_s'
[0.512s] Level 1:colcon.colcon_core.package_identification:_identify(.) by extensions ['ignore', 'ignore_ament_install']
[0.512s] Level 1:colcon.colcon_core.package_identification:_identify(.) by extension 'ignore'
[0.512s] Level 1:colcon.colcon_core.package_identification:_identify(.) by extension 'ignore_ament_install'
[0.512s] Level 1:colcon.colcon_core.package_identification:_identify(.) by extensions ['colcon_pkg']
[0.513s] Level 1:colcon.colcon_core.package_identification:_identify(.) by extension 'colcon_pkg'
[0.513s] Level 1:colcon.colcon_core.package_identification:_identify(.) by extensions ['colcon_meta']
[0.513s] Level 1:colcon.colcon_core.package_identification:_identify(.) by extension 'colcon_meta'
[0.513s] Level 1:colcon.colcon_core.package_identification:_identify(.) by extensions ['ros']
[0.513s] Level 1:colcon.colcon_core.package_identification:_identify(.) by extension 'ros'
[0.590s] DEBUG:colcon.colcon_core.package_identification:Package '.' with type 'ros.ament_cmake' and name 'car_s'
[0.591s] Level 1:colcon.colcon_core.package_discovery:discover_packages(recursive) using defaults
[0.591s] Level 1:colcon.colcon_core.package_discovery:discover_packages(ignore) discover
[0.591s] Level 1:colcon.colcon_core.package_discovery:discover_packages(ignore) using defaults
[0.591s] Level 1:colcon.colcon_core.package_discovery:discover_packages(path) discover
[0.591s] Level 1:colcon.colcon_core.package_discovery:discover_packages(path) using defaults
[0.650s] Level 1:colcon.colcon_core.package_discovery:discover_packages(prefix_path) check parameters
[0.651s] Level 1:colcon.colcon_core.package_discovery:discover_packages(prefix_path) discover
[0.664s] DEBUG:colcon.colcon_installed_package_information.package_discovery:Found 285 installed packages in /opt/ros/jazzy
[0.668s] Level 1:colcon.colcon_core.package_discovery:discover_packages(prefix_path) using defaults
[0.886s] Level 5:colcon.colcon_core.verb:set package 'car_s' build argument 'cmake_args' from command line to 'None'
[0.886s] Level 5:colcon.colcon_core.verb:set package 'car_s' build argument 'cmake_target' from command line to 'None'
[0.886s] Level 5:colcon.colcon_core.verb:set package 'car_s' build argument 'cmake_target_skip_unavailable' from command line to 'False'
[0.886s] Level 5:colcon.colcon_core.verb:set package 'car_s' build argument 'cmake_clean_cache' from command line to 'False'
[0.887s] Level 5:colcon.colcon_core.verb:set package 'car_s' build argument 'cmake_clean_first' from command line to 'False'
[0.887s] Level 5:colcon.colcon_core.verb:set package 'car_s' build argument 'cmake_force_configure' from command line to 'False'
[0.887s] Level 5:colcon.colcon_core.verb:set package 'car_s' build argument 'ament_cmake_args' from command line to 'None'
[0.887s] Level 5:colcon.colcon_core.verb:set package 'car_s' build argument 'catkin_cmake_args' from command line to 'None'
[0.888s] Level 5:colcon.colcon_core.verb:set package 'car_s' build argument 'catkin_skip_building_tests' from command line to 'False'
[0.888s] DEBUG:colcon.colcon_core.verb:Building package 'car_s' with the following arguments: {'ament_cmake_args': None, 'build_base': '/home/graham/ros2_ws/src/car_s/build/car_s', 'catkin_cmake_args': None, 'catkin_skip_building_tests': False, 'cmake_args': None, 'cmake_clean_cache': False, 'cmake_clean_first': False, 'cmake_force_configure': False, 'cmake_target': None, 'cmake_target_skip_unavailable': False, 'install_base': '/home/graham/ros2_ws/src/car_s/install/car_s', 'merge_install': False, 'path': '/home/graham/ros2_ws/src/car_s', 'symlink_install': False, 'test_result_base': None}
[0.889s] INFO:colcon.colcon_core.executor:Executing jobs using 'parallel' executor
[0.892s] DEBUG:colcon.colcon_parallel_executor.executor.parallel:run_until_complete
[0.892s] INFO:colcon.colcon_ros.task.ament_cmake.build:Building ROS package in '/home/graham/ros2_ws/src/car_s' with build type 'ament_cmake'
[0.893s] INFO:colcon.colcon_cmake.task.cmake.build:Building CMake package in '/home/graham/ros2_ws/src/car_s'
[0.914s] INFO:colcon.colcon_core.plugin_system:Skipping extension 'colcon_core.shell.bat': Not used on non-Windows systems
[0.915s] INFO:colcon.colcon_core.shell:Skip shell extension 'powershell' for command environment: Not usable outside of PowerShell
[0.915s] DEBUG:colcon.colcon_core.shell:Skip shell extension 'dsv' for command environment
[0.948s] DEBUG:colcon.colcon_core.event_handler.log_command:Invoking command in '/home/graham/ros2_ws/src/car_s/build/car_s': CMAKE_PREFIX_PATH=${CMAKE_PREFIX_PATH}:/opt/ros/jazzy DEBUGINFOD_URLS=https://debuginfod.ubuntu.com /usr/bin/cmake /home/graham/ros2_ws/src/car_s -DCMAKE_INSTALL_PREFIX=/home/graham/ros2_ws/src/car_s/install/car_s
[7.967s] DEBUG:colcon.colcon_core.event_handler.log_command:Invoked command in '/home/graham/ros2_ws/src/car_s/build/car_s' returned '0': CMAKE_PREFIX_PATH=${CMAKE_PREFIX_PATH}:/opt/ros/jazzy DEBUGINFOD_URLS=https://debuginfod.ubuntu.com /usr/bin/cmake /home/graham/ros2_ws/src/car_s -DCMAKE_INSTALL_PREFIX=/home/graham/ros2_ws/src/car_s/install/car_s
[7.973s] DEBUG:colcon.colcon_core.event_handler.log_command:Invoking command in '/home/graham/ros2_ws/src/car_s/build/car_s': CMAKE_PREFIX_PATH=${CMAKE_PREFIX_PATH}:/opt/ros/jazzy DEBUGINFOD_URLS=https://debuginfod.ubuntu.com /usr/bin/cmake --build /home/graham/ros2_ws/src/car_s/build/car_s -- -j4 -l4
[22.136s] Level 1:colcon.colcon_core.environment:create_environment_scripts_only(car_s)
[22.139s] DEBUG:colcon.colcon_core.event_handler.log_command:Invoked command in '/home/graham/ros2_ws/src/car_s/build/car_s' returned '2': CMAKE_PREFIX_PATH=${CMAKE_PREFIX_PATH}:/opt/ros/jazzy DEBUGINFOD_URLS=https://debuginfod.ubuntu.com /usr/bin/cmake --build /home/graham/ros2_ws/src/car_s/build/car_s -- -j4 -l4
[22.164s] Level 1:colcon.colcon_core.environment:checking '/home/graham/ros2_ws/src/car_s/install/car_s' for CMake module files
[22.165s] Level 1:colcon.colcon_core.environment:checking '/home/graham/ros2_ws/src/car_s/install/car_s' for CMake config files
[22.166s] Level 1:colcon.colcon_core.environment:checking '/home/graham/ros2_ws/src/car_s/install/car_s/bin'
[22.167s] Level 1:colcon.colcon_core.environment:checking '/home/graham/ros2_ws/src/car_s/install/car_s/lib/pkgconfig/car_s.pc'
[22.167s] Level 1:colcon.colcon_core.environment:checking '/home/graham/ros2_ws/src/car_s/install/car_s/lib/python3.12/site-packages'
[22.171s] Level 1:colcon.colcon_core.environment:checking '/home/graham/ros2_ws/src/car_s/install/car_s/bin'
[22.174s] INFO:colcon.colcon_core.shell:Creating package script '/home/graham/ros2_ws/src/car_s/install/car_s/share/car_s/package.ps1'
[22.182s] INFO:colcon.colcon_core.shell:Creating package descriptor '/home/graham/ros2_ws/src/car_s/install/car_s/share/car_s/package.dsv'
[22.185s] INFO:colcon.colcon_core.shell:Creating package script '/home/graham/ros2_ws/src/car_s/install/car_s/share/car_s/package.sh'
[22.187s] INFO:colcon.colcon_core.shell:Creating package script '/home/graham/ros2_ws/src/car_s/install/car_s/share/car_s/package.bash'
[22.190s] INFO:colcon.colcon_core.shell:Creating package script '/home/graham/ros2_ws/src/car_s/install/car_s/share/car_s/package.zsh'
[22.193s] Level 1:colcon.colcon_core.environment:create_file_with_runtime_dependencies(/home/graham/ros2_ws/src/car_s/install/car_s/share/colcon-core/packages/car_s)
[22.201s] DEBUG:colcon.colcon_parallel_executor.executor.parallel:closing loop
[22.202s] DEBUG:colcon.colcon_parallel_executor.executor.parallel:loop closed
[22.204s] DEBUG:colcon.colcon_parallel_executor.executor.parallel:run_until_complete finished with '2'
[22.204s] DEBUG:colcon.colcon_core.event_reactor:joining thread
[22.554s] INFO:colcon.colcon_core.plugin_system:Skipping extension 'colcon_notification.desktop_notification.terminal_notifier': Not used on non-Darwin systems
[22.554s] INFO:colcon.colcon_core.plugin_system:Skipping extension 'colcon_notification.desktop_notification.win32': Not used on non-Windows systems
[22.555s] INFO:colcon.colcon_notification.desktop_notification:Sending desktop notification using 'notify2'
[22.711s] DEBUG:colcon.colcon_core.event_reactor:joined thread
[22.715s] INFO:colcon.colcon_core.shell:Creating prefix script '/home/graham/ros2_ws/src/car_s/install/local_setup.ps1'
[22.724s] INFO:colcon.colcon_core.shell:Creating prefix util module '/home/graham/ros2_ws/src/car_s/install/_local_setup_util_ps1.py'
[22.745s] INFO:colcon.colcon_core.shell:Creating prefix chain script '/home/graham/ros2_ws/src/car_s/install/setup.ps1'
[22.761s] INFO:colcon.colcon_core.shell:Creating prefix script '/home/graham/ros2_ws/src/car_s/install/local_setup.sh'
[22.771s] INFO:colcon.colcon_core.shell:Creating prefix util module '/home/graham/ros2_ws/src/car_s/install/_local_setup_util_sh.py'
[22.774s] INFO:colcon.colcon_core.shell:Creating prefix chain script '/home/graham/ros2_ws/src/car_s/install/setup.sh'
[22.780s] INFO:colcon.colcon_core.shell:Creating prefix script '/home/graham/ros2_ws/src/car_s/install/local_setup.bash'
[22.784s] INFO:colcon.colcon_core.shell:Creating prefix chain script '/home/graham/ros2_ws/src/car_s/install/setup.bash'
[22.800s] INFO:colcon.colcon_core.shell:Creating prefix script '/home/graham/ros2_ws/src/car_s/install/local_setup.zsh'
[22.819s] INFO:colcon.colcon_core.shell:Creating prefix chain script '/home/graham/ros2_ws/src/car_s/install/setup.zsh'
