[0.224s] DEBUG:colcon:Command line arguments: ['/usr/bin/colcon', 'build']
[0.224s] DEBUG:colcon:Parsed command line arguments: Namespace(log_base=None, log_level=None, verb_name='build', build_base='build', install_base='install', merge_install=False, symlink_install=False, test_result_base=None, continue_on_error=False, executor='parallel', parallel_workers=4, event_handlers=None, ignore_user_meta=False, metas=['./colcon.meta'], base_paths=['.'], packages_ignore=None, packages_ignore_regex=None, paths=None, packages_up_to=None, packages_up_to_regex=None, packages_above=None, packages_above_and_dependencies=None, packages_above_depth=None, packages_select_by_dep=None, packages_skip_by_dep=None, packages_skip_up_to=None, packages_select_build_failed=False, packages_skip_build_finished=False, packages_select_test_failures=False, packages_skip_test_passed=False, packages_select=None, packages_skip=None, packages_select_regex=None, packages_skip_regex=None, packages_start=None, packages_end=None, allow_overriding=[], cmake_args=None, cmake_target=None, cmake_target_skip_unavailable=False, cmake_clean_cache=False, cmake_clean_first=False, cmake_force_configure=False, ament_cmake_args=None, catkin_cmake_args=None, catkin_skip_building_tests=False, mixin_files=None, mixin=None, verb_parser=<colcon_mixin.mixin.mixin_argument.MixinArgumentDecorator object at 0x7111e5f63740>, verb_extension=<colcon_core.verb.build.BuildVerb object at 0x7111e5f63440>, main=<bound method BuildVerb.main of <colcon_core.verb.build.BuildVerb object at 0x7111e5f63440>>, mixin_verb=('build',))
[0.314s] Level 1:colcon.colcon_core.package_discovery:discover_packages(colcon_meta) check parameters
[0.315s] Level 1:colcon.colcon_core.package_discovery:discover_packages(recursive) check parameters
[0.315s] Level 1:colcon.colcon_core.package_discovery:discover_packages(ignore) check parameters
[0.315s] Level 1:colcon.colcon_core.package_discovery:discover_packages(path) check parameters
[0.315s] Level 1:colcon.colcon_core.package_discovery:discover_packages(colcon_meta) discover
[0.315s] Level 1:colcon.colcon_core.package_discovery:discover_packages(recursive) discover
[0.315s] INFO:colcon.colcon_core.package_discovery:Crawling recursively for packages in '/home/graham/ros2_ws/src/car_s'
[0.315s] Level 1:colcon.colcon_core.package_identification:_identify(.) by extensions ['ignore', 'ignore_ament_install']
[0.316s] Level 1:colcon.colcon_core.package_identification:_identify(.) by extension 'ignore'
[0.316s] Level 1:colcon.colcon_core.package_identification:_identify(.) by extension 'ignore_ament_install'
[0.316s] Level 1:colcon.colcon_core.package_identification:_identify(.) by extensions ['colcon_pkg']
[0.316s] Level 1:colcon.colcon_core.package_identification:_identify(.) by extension 'colcon_pkg'
[0.316s] Level 1:colcon.colcon_core.package_identification:_identify(.) by extensions ['colcon_meta']
[0.316s] Level 1:colcon.colcon_core.package_identification:_identify(.) by extension 'colcon_meta'
[0.316s] Level 1:colcon.colcon_core.package_identification:_identify(.) by extensions ['ros']
[0.316s] Level 1:colcon.colcon_core.package_identification:_identify(.) by extension 'ros'
[0.425s] DEBUG:colcon.colcon_core.package_identification:Package '.' with type 'ros.ament_cmake' and name 'car_s'
[0.425s] Level 1:colcon.colcon_core.package_discovery:discover_packages(recursive) using defaults
[0.426s] Level 1:colcon.colcon_core.package_discovery:discover_packages(ignore) discover
[0.426s] Level 1:colcon.colcon_core.package_discovery:discover_packages(ignore) using defaults
[0.426s] Level 1:colcon.colcon_core.package_discovery:discover_packages(path) discover
[0.426s] Level 1:colcon.colcon_core.package_discovery:discover_packages(path) using defaults
[0.477s] Level 1:colcon.colcon_core.package_discovery:discover_packages(prefix_path) check parameters
[0.477s] Level 1:colcon.colcon_core.package_discovery:discover_packages(prefix_path) discover
[0.488s] DEBUG:colcon.colcon_installed_package_information.package_discovery:Found 285 installed packages in /opt/ros/jazzy
[0.491s] Level 1:colcon.colcon_core.package_discovery:discover_packages(prefix_path) using defaults
[0.689s] Level 5:colcon.colcon_core.verb:set package 'car_s' build argument 'cmake_args' from command line to 'None'
[0.689s] Level 5:colcon.colcon_core.verb:set package 'car_s' build argument 'cmake_target' from command line to 'None'
[0.690s] Level 5:colcon.colcon_core.verb:set package 'car_s' build argument 'cmake_target_skip_unavailable' from command line to 'False'
[0.690s] Level 5:colcon.colcon_core.verb:set package 'car_s' build argument 'cmake_clean_cache' from command line to 'False'
[0.690s] Level 5:colcon.colcon_core.verb:set package 'car_s' build argument 'cmake_clean_first' from command line to 'False'
[0.690s] Level 5:colcon.colcon_core.verb:set package 'car_s' build argument 'cmake_force_configure' from command line to 'False'
[0.690s] Level 5:colcon.colcon_core.verb:set package 'car_s' build argument 'ament_cmake_args' from command line to 'None'
[0.690s] Level 5:colcon.colcon_core.verb:set package 'car_s' build argument 'catkin_cmake_args' from command line to 'None'
[0.691s] Level 5:colcon.colcon_core.verb:set package 'car_s' build argument 'catkin_skip_building_tests' from command line to 'False'
[0.691s] DEBUG:colcon.colcon_core.verb:Building package 'car_s' with the following arguments: {'ament_cmake_args': None, 'build_base': '/home/graham/ros2_ws/src/car_s/build/car_s', 'catkin_cmake_args': None, 'catkin_skip_building_tests': False, 'cmake_args': None, 'cmake_clean_cache': False, 'cmake_clean_first': False, 'cmake_force_configure': False, 'cmake_target': None, 'cmake_target_skip_unavailable': False, 'install_base': '/home/graham/ros2_ws/src/car_s/install/car_s', 'merge_install': False, 'path': '/home/graham/ros2_ws/src/car_s', 'symlink_install': False, 'test_result_base': None}
[0.692s] INFO:colcon.colcon_core.executor:Executing jobs using 'parallel' executor
[0.696s] DEBUG:colcon.colcon_parallel_executor.executor.parallel:run_until_complete
[0.697s] INFO:colcon.colcon_ros.task.ament_cmake.build:Building ROS package in '/home/graham/ros2_ws/src/car_s' with build type 'ament_cmake'
[0.698s] INFO:colcon.colcon_cmake.task.cmake.build:Building CMake package in '/home/graham/ros2_ws/src/car_s'
[0.707s] INFO:colcon.colcon_core.plugin_system:Skipping extension 'colcon_core.shell.bat': Not used on non-Windows systems
[0.709s] INFO:colcon.colcon_core.shell:Skip shell extension 'powershell' for command environment: Not usable outside of PowerShell
[0.709s] DEBUG:colcon.colcon_core.shell:Skip shell extension 'dsv' for command environment
[0.754s] DEBUG:colcon.colcon_core.event_handler.log_command:Invoking command in '/home/graham/ros2_ws/src/car_s/build/car_s': CMAKE_PREFIX_PATH=${CMAKE_PREFIX_PATH}:/opt/ros/jazzy DEBUGINFOD_URLS=https://debuginfod.ubuntu.com /usr/bin/cmake --build /home/graham/ros2_ws/src/car_s/build/car_s -- -j4 -l4
[14.682s] DEBUG:colcon.colcon_core.event_handler.log_command:Invoked command in '/home/graham/ros2_ws/src/car_s/build/car_s' returned '2': CMAKE_PREFIX_PATH=${CMAKE_PREFIX_PATH}:/opt/ros/jazzy DEBUGINFOD_URLS=https://debuginfod.ubuntu.com /usr/bin/cmake --build /home/graham/ros2_ws/src/car_s/build/car_s -- -j4 -l4
[14.683s] Level 1:colcon.colcon_core.environment:create_environment_scripts_only(car_s)
[14.688s] Level 1:colcon.colcon_core.environment:checking '/home/graham/ros2_ws/src/car_s/install/car_s' for CMake module files
[14.690s] Level 1:colcon.colcon_core.environment:checking '/home/graham/ros2_ws/src/car_s/install/car_s' for CMake config files
[14.693s] Level 1:colcon.colcon_core.environment:checking '/home/graham/ros2_ws/src/car_s/install/car_s/bin'
[14.694s] Level 1:colcon.colcon_core.environment:checking '/home/graham/ros2_ws/src/car_s/install/car_s/lib/pkgconfig/car_s.pc'
[14.695s] Level 1:colcon.colcon_core.environment:checking '/home/graham/ros2_ws/src/car_s/install/car_s/lib/python3.12/site-packages'
[14.696s] Level 1:colcon.colcon_core.environment:checking '/home/graham/ros2_ws/src/car_s/install/car_s/bin'
[14.697s] INFO:colcon.colcon_core.shell:Creating package script '/home/graham/ros2_ws/src/car_s/install/car_s/share/car_s/package.ps1'
[14.700s] INFO:colcon.colcon_core.shell:Creating package descriptor '/home/graham/ros2_ws/src/car_s/install/car_s/share/car_s/package.dsv'
[14.702s] INFO:colcon.colcon_core.shell:Creating package script '/home/graham/ros2_ws/src/car_s/install/car_s/share/car_s/package.sh'
[14.704s] INFO:colcon.colcon_core.shell:Creating package script '/home/graham/ros2_ws/src/car_s/install/car_s/share/car_s/package.bash'
[14.706s] INFO:colcon.colcon_core.shell:Creating package script '/home/graham/ros2_ws/src/car_s/install/car_s/share/car_s/package.zsh'
[14.708s] Level 1:colcon.colcon_core.environment:create_file_with_runtime_dependencies(/home/graham/ros2_ws/src/car_s/install/car_s/share/colcon-core/packages/car_s)
[14.719s] DEBUG:colcon.colcon_parallel_executor.executor.parallel:closing loop
[14.720s] DEBUG:colcon.colcon_parallel_executor.executor.parallel:loop closed
[14.721s] DEBUG:colcon.colcon_parallel_executor.executor.parallel:run_until_complete finished with '2'
[14.721s] DEBUG:colcon.colcon_core.event_reactor:joining thread
[14.733s] INFO:colcon.colcon_core.plugin_system:Skipping extension 'colcon_notification.desktop_notification.terminal_notifier': Not used on non-Darwin systems
[14.733s] INFO:colcon.colcon_core.plugin_system:Skipping extension 'colcon_notification.desktop_notification.win32': Not used on non-Windows systems
[14.734s] INFO:colcon.colcon_notification.desktop_notification:Sending desktop notification using 'notify2'
[14.790s] DEBUG:colcon.colcon_core.event_reactor:joined thread
[14.791s] INFO:colcon.colcon_core.shell:Creating prefix script '/home/graham/ros2_ws/src/car_s/install/local_setup.ps1'
[14.793s] INFO:colcon.colcon_core.shell:Creating prefix util module '/home/graham/ros2_ws/src/car_s/install/_local_setup_util_ps1.py'
[14.798s] INFO:colcon.colcon_core.shell:Creating prefix chain script '/home/graham/ros2_ws/src/car_s/install/setup.ps1'
[14.805s] INFO:colcon.colcon_core.shell:Creating prefix script '/home/graham/ros2_ws/src/car_s/install/local_setup.sh'
[14.808s] INFO:colcon.colcon_core.shell:Creating prefix util module '/home/graham/ros2_ws/src/car_s/install/_local_setup_util_sh.py'
[14.812s] INFO:colcon.colcon_core.shell:Creating prefix chain script '/home/graham/ros2_ws/src/car_s/install/setup.sh'
[14.818s] INFO:colcon.colcon_core.shell:Creating prefix script '/home/graham/ros2_ws/src/car_s/install/local_setup.bash'
[14.826s] INFO:colcon.colcon_core.shell:Creating prefix chain script '/home/graham/ros2_ws/src/car_s/install/setup.bash'
[14.830s] INFO:colcon.colcon_core.shell:Creating prefix script '/home/graham/ros2_ws/src/car_s/install/local_setup.zsh'
[14.837s] INFO:colcon.colcon_core.shell:Creating prefix chain script '/home/graham/ros2_ws/src/car_s/install/setup.zsh'
